# Uptime Monitor Log


---
[2025-06-14T16:15:31+02:00] https://httpstat.us/200 → Status: 200, Response: 0.185s
[2025-06-14T16:15:31+02:00] https://httpstat.us/404 → Status: 404, Response: 0.142s
[2025-06-14T16:15:31+02:00] https://httpstat.us/500 → Status: 500, Response: 0.141s
[2025-06-14T16:15:31+02:00] https://httpstat.us/200?sleep=5000 → Status: 200, Response: 5.132s
[2025-06-14T16:15:31+02:00] https://httpstat.us/200?sleep=16000 → Status: 0, Response: 15.002s, Error: Timeout

---
[2025-06-14T16:20:43+02:00] https://httpstat.us/200 → Status: 200, Response: 0.397s
[2025-06-14T16:20:43+02:00] https://httpstat.us/404 → Status: 404, Response: 0.361s
[2025-06-14T16:20:43+02:00] https://httpstat.us/500 → Status: 500, Response: 0.438s
[2025-06-14T16:20:43+02:00] https://httpstat.us/200?sleep=5000 → Status: 200, Response: 5.426s
[2025-06-14T16:20:43+02:00] https://httpstat.us/200?sleep=16000 → Status: 0, Response: 15.002s, Error: Timeout

---
[2025-06-14T16:26:04+02:00] https://httpstat.us/200 → Status: 200, Response: 0.307s
[2025-06-14T16:26:04+02:00] https://httpstat.us/404 → Status: 404, Response: 0.260s
[2025-06-14T16:26:04+02:00] https://httpstat.us/500 → Status: 500, Response: 0.273s
[2025-06-14T16:26:04+02:00] https://httpstat.us/200?sleep=5000 → Status: 200, Response: 5.263s
[2025-06-14T16:26:04+02:00] https://httpstat.us/200?sleep=16000 → Status: 0, Response: 15.002s, Error: Timeout

---
[2025-06-14T16:37:58+02:00] https://httpstat.us/200 → Status: 200, Response: 0.240s
[2025-06-14T16:37:58+02:00] https://httpstat.us/404 → Status: 404, Response: 0.204s
[2025-06-14T16:37:58+02:00] https://httpstat.us/500 → Status: 500, Response: 0.313s
[2025-06-14T16:37:58+02:00] https://httpstat.us/200?sleep=5000 → Status: 200, Response: 5.271s
[2025-06-14T16:37:58+02:00] https://httpstat.us/200?sleep=16000 → Status: 0, Response: 15.001s, Error: Timeout

---
[2025-06-16T03:16:35+02:00] https://httpstat.us/200 → Status: 200, Response: 0.300s
[2025-06-16T03:16:35+02:00] https://httpstat.us/404 → Status: 404, Response: 0.261s
[2025-06-16T03:16:35+02:00] https://httpstat.us/500 → Status: 500, Response: 0.343s
[2025-06-16T03:16:35+02:00] https://httpstat.us/200?sleep=5000 → Status: 200, Response: 5.321s
[2025-06-16T03:16:35+02:00] https://httpstat.us/200?sleep=16000 → Status: 0, Response: 15.002s, Error: Timeout

---
[2025-06-16T23:10:45+02:00] https://httpstat.us/200 → Status: 200, Response: 0.270s
[2025-06-16T23:10:45+02:00] https://httpstat.us/404 → Status: 404, Response: 0.234s
[2025-06-16T23:10:45+02:00] https://httpstat.us/500 → Status: 500, Response: 0.227s
[2025-06-16T23:10:45+02:00] https://httpstat.us/200?sleep=5000 → Status: 200, Response: 5.228s
[2025-06-16T23:10:45+02:00] https://httpstat.us/200?sleep=16000 → Status: 0, Response: 15.003s, Error: Timeout

---
[2025-06-16T23:20:15+02:00] https://httpstat.us/200 → Status: 200, Response: 0.260s
[2025-06-16T23:20:15+02:00] https://httpstat.us/404 → Status: 404, Response: 0.236s
[2025-06-16T23:20:15+02:00] https://httpstat.us/500 → Status: 500, Response: 0.286s
[2025-06-16T23:20:15+02:00] https://httpstat.us/200?sleep=5000 → Status: 200, Response: 5.331s
[2025-06-16T23:20:15+02:00] https://httpstat.us/200?sleep=16000 → Status: 0, Response: 15.002s, Error: Timeout
